math/float/am9511/lam32/c/sdcc/___fs2uchar
math/float/am9511/lam32/c/sdcc/___fssub_callee
math/float/am9511/lam32/c/sdcc/___fsdiv
math/float/am9511/lam32/c/sdcc/___fs2ulong
math/float/am9511/lam32/c/sdcc/___schar2fs
math/float/am9511/lam32/c/sdcc/___ulong2fs
math/float/am9511/lam32/c/sdcc/___ulong2fs_callee
math/float/am9511/lam32/c/sdcc/___sint2fs_callee
math/float/am9511/lam32/c/sdcc/___uchar2fs_callee
math/float/am9511/lam32/c/sdcc/___schar2fs_callee
math/float/am9511/lam32/c/sdcc/___fsadd_callee
math/float/am9511/lam32/c/sdcc/___fssub
math/float/am9511/lam32/c/sdcc/___fs2ulong_callee
math/float/am9511/lam32/c/sdcc/___slong2fs_callee
math/float/am9511/lam32/c/sdcc/___fs2uchar_callee
math/float/am9511/lam32/c/sdcc/___fs2sint_callee
math/float/am9511/lam32/c/sdcc/___fsadd
math/float/am9511/lam32/c/sdcc/___fs2slong_callee
math/float/am9511/lam32/c/sdcc/___fs2schar_callee
math/float/am9511/lam32/c/sdcc/___fsgt_callee
math/float/am9511/lam32/c/sdcc/___fseq_callee
math/float/am9511/lam32/c/sdcc/___fsdiv_callee
math/float/am9511/lam32/c/sdcc/___fs2uint_callee
math/float/am9511/lam32/c/sdcc/___fs2sint
math/float/am9511/lam32/c/sdcc/___fs2slong
math/float/am9511/lam32/c/sdcc/___uint2fs_callee
math/float/am9511/lam32/c/sdcc/___fslt_callee
math/float/am9511/lam32/c/sdcc/___fs2schar
math/float/am9511/lam32/c/sdcc/___fsneq_callee
math/float/am9511/lam32/c/sdcc/___fsmul
math/float/am9511/lam32/c/sdcc/___fs2uint
math/float/am9511/lam32/c/sdcc/___sint2fs
math/float/am9511/lam32/c/sdcc/___fsmul_callee
math/float/am9511/lam32/c/sdcc/___slong2fs
math/float/am9511/lam32/c/sdcc/___uchar2fs
math/float/am9511/lam32/c/sdcc/___uint2fs

math/float/am9511/lam32/c/sdcc/acos_fastcall
math/float/am9511/lam32/c/sdcc/asin_fastcall
math/float/am9511/lam32/c/sdcc/atan_fastcall
math/float/am9511/lam32/c/sdcc/ceil_fastcall
math/float/am9511/lam32/c/sdcc/cos_fastcall
math/float/am9511/lam32/c/sdcc/div2_fastcall
math/float/am9511/lam32/c/sdcc/exp_fastcall
math/float/am9511/lam32/c/sdcc/fabs_fastcall
math/float/am9511/lam32/c/sdcc/floor_fastcall
math/float/am9511/lam32/c/sdcc/log_fastcall
math/float/am9511/lam32/c/sdcc/mul2_fastcall
math/float/am9511/lam32/c/sdcc/sin_fastcall
math/float/am9511/lam32/c/sdcc/sqr_fastcall
math/float/am9511/lam32/c/sdcc/sqrt_fastcall
math/float/am9511/lam32/c/sdcc/tan_fastcall
