../../_DEVELOPMENT/math/float/am9511/lam32/z80/asm_acosf
../../_DEVELOPMENT/math/float/am9511/lam32/z80/asm_asinf
../../_DEVELOPMENT/math/float/am9511/lam32/z80/asm_atanf
../../_DEVELOPMENT/math/float/am9511/lam32/z80/asm_ceilf
../../_DEVELOPMENT/math/float/am9511/lam32/z80/asm_cosf
../../_DEVELOPMENT/math/float/am9511/lam32/z80/asm_dadd
../../_DEVELOPMENT/math/float/am9511/lam32/z80/asm_derror_edom_infc
../../_DEVELOPMENT/math/float/am9511/lam32/z80/asm_derror_edom_zc
../../_DEVELOPMENT/math/float/am9511/lam32/z80/asm_derror_einval_zc
../../_DEVELOPMENT/math/float/am9511/lam32/z80/asm_derror_erange_infc
../../_DEVELOPMENT/math/float/am9511/lam32/z80/asm_derror_nanc
../../_DEVELOPMENT/math/float/am9511/lam32/z80/asm_derror_nannc
../../_DEVELOPMENT/math/float/am9511/lam32/z80/asm_derror_onc
../../_DEVELOPMENT/math/float/am9511/lam32/z80/asm_derror_pinfnc
../../_DEVELOPMENT/math/float/am9511/lam32/z80/asm_derror_zc
../../_DEVELOPMENT/math/float/am9511/lam32/z80/asm_derror_znc
../../_DEVELOPMENT/math/float/am9511/lam32/z80/asm_dhexpop
../../_DEVELOPMENT/math/float/am9511/lam32/z80/asm_dmul
../../_DEVELOPMENT/math/float/am9511/lam32/z80/asm_dmul10u
../../_DEVELOPMENT/math/float/am9511/lam32/z80/asm_dmulpow2
../../_DEVELOPMENT/math/float/am9511/lam32/z80/asm_dmulpow10
../../_DEVELOPMENT/math/float/am9511/lam32/z80/asm_dneg
../../_DEVELOPMENT/math/float/am9511/lam32/z80/asm_double8u
../../_DEVELOPMENT/math/float/am9511/lam32/z80/asm_double16u
../../_DEVELOPMENT/math/float/am9511/lam32/z80/asm_double32u
../../_DEVELOPMENT/math/float/am9511/lam32/z80/asm__dtoa_base10
../../_DEVELOPMENT/math/float/am9511/lam32/z80/asm__dtoa_base16
../../_DEVELOPMENT/math/float/am9511/lam32/z80/asm__dtoa_digits
../../_DEVELOPMENT/math/float/am9511/lam32/z80/asm__dtoa_sgnabs
../../_DEVELOPMENT/math/float/am9511/lam32/z80/asm_fabsf
../../_DEVELOPMENT/math/float/am9511/lam32/z80/asm_fadd
../../_DEVELOPMENT/math/float/am9511/lam32/z80/asm_fdiv
../../_DEVELOPMENT/math/float/am9511/lam32/z80/asm_fdiv2
../../_DEVELOPMENT/math/float/am9511/lam32/z80/asm_floorf
../../_DEVELOPMENT/math/float/am9511/lam32/z80/asm_fmul
../../_DEVELOPMENT/math/float/am9511/lam32/z80/asm_fmul2
../../_DEVELOPMENT/math/float/am9511/lam32/z80/asm_fmul10u
../../_DEVELOPMENT/math/float/am9511/lam32/z80/asm_fpclassifyf
../../_DEVELOPMENT/math/float/am9511/lam32/z80/asm_fsub
../../_DEVELOPMENT/math/float/am9511/lam32/z80/asm_hypotf
../../_DEVELOPMENT/math/float/am9511/lam32/z80/asm_nan_b
../../_DEVELOPMENT/math/float/am9511/lam32/z80/asm_negf
../../_DEVELOPMENT/math/float/am9511/lam32/z80/asm_sigdigf
../../_DEVELOPMENT/math/float/am9511/lam32/z80/asm_sinf
../../_DEVELOPMENT/math/float/am9511/lam32/z80/asm_sqrf
../../_DEVELOPMENT/math/float/am9511/lam32/z80/asm_sqrtf
../../_DEVELOPMENT/math/float/am9511/lam32/z80/asm_tanf
../../_DEVELOPMENT/math/float/am9511/lam32/z80/asm_zerof

../../_DEVELOPMENT/math/float/am9511/lam32/c/sdcc/___fsadd.asm
../../_DEVELOPMENT/math/float/am9511/lam32/c/sdcc/___fsdiv.asm
../../_DEVELOPMENT/math/float/am9511/lam32/c/sdcc/___fsmul.asm
../../_DEVELOPMENT/math/float/am9511/lam32/c/sdcc/___fssub.asm
../../_DEVELOPMENT/math/float/am9511/lam32/c/sdcc/___fs2sint.asm
../../_DEVELOPMENT/math/float/am9511/lam32/c/sdcc/___fs2uint.asm
../../_DEVELOPMENT/math/float/am9511/lam32/c/sdcc/___sint2fs.asm
../../_DEVELOPMENT/math/float/am9511/lam32/c/sdcc/___uint2fs.asm
../../_DEVELOPMENT/math/float/am9511/lam32/c/sdcc/___fs2schar.asm
../../_DEVELOPMENT/math/float/am9511/lam32/c/sdcc/___fs2slong.asm
../../_DEVELOPMENT/math/float/am9511/lam32/c/sdcc/___fs2uchar.asm
../../_DEVELOPMENT/math/float/am9511/lam32/c/sdcc/___fs2ulong.asm
../../_DEVELOPMENT/math/float/am9511/lam32/c/sdcc/___schar2fs.asm
../../_DEVELOPMENT/math/float/am9511/lam32/c/sdcc/___slong2fs.asm
../../_DEVELOPMENT/math/float/am9511/lam32/c/sdcc/___uchar2fs.asm
../../_DEVELOPMENT/math/float/am9511/lam32/c/sdcc/___ulong2fs.asm
../../_DEVELOPMENT/math/float/am9511/lam32/c/sdcc/___fseq_callee.asm
../../_DEVELOPMENT/math/float/am9511/lam32/c/sdcc/___fsgt_callee.asm
../../_DEVELOPMENT/math/float/am9511/lam32/c/sdcc/___fslt_callee.asm
../../_DEVELOPMENT/math/float/am9511/lam32/c/sdcc/___fsadd_callee.asm
../../_DEVELOPMENT/math/float/am9511/lam32/c/sdcc/___fsdiv_callee.asm
../../_DEVELOPMENT/math/float/am9511/lam32/c/sdcc/___fsmul_callee.asm
../../_DEVELOPMENT/math/float/am9511/lam32/c/sdcc/___fsneq_callee.asm
../../_DEVELOPMENT/math/float/am9511/lam32/c/sdcc/___fssub_callee.asm
../../_DEVELOPMENT/math/float/am9511/lam32/c/sdcc/___fs2sint_callee.asm
../../_DEVELOPMENT/math/float/am9511/lam32/c/sdcc/___fs2uint_callee.asm
../../_DEVELOPMENT/math/float/am9511/lam32/c/sdcc/___sint2fs_callee.asm
../../_DEVELOPMENT/math/float/am9511/lam32/c/sdcc/___uint2fs_callee.asm
../../_DEVELOPMENT/math/float/am9511/lam32/c/sdcc/___fs2schar_callee.asm
../../_DEVELOPMENT/math/float/am9511/lam32/c/sdcc/___fs2slong_callee.asm
../../_DEVELOPMENT/math/float/am9511/lam32/c/sdcc/___fs2uchar_callee.asm
../../_DEVELOPMENT/math/float/am9511/lam32/c/sdcc/___fs2ulong_callee.asm
../../_DEVELOPMENT/math/float/am9511/lam32/c/sdcc/___schar2fs_callee.asm
../../_DEVELOPMENT/math/float/am9511/lam32/c/sdcc/___slong2fs_callee.asm
../../_DEVELOPMENT/math/float/am9511/lam32/c/sdcc/___uchar2fs_callee.asm
../../_DEVELOPMENT/math/float/am9511/lam32/c/sdcc/___ulong2fs_callee.asm
../../_DEVELOPMENT/math/float/am9511/lam32/c/sdcc/__divslong.asm
../../_DEVELOPMENT/math/float/am9511/lam32/c/sdcc/__divulong.asm
../../_DEVELOPMENT/math/float/am9511/lam32/c/sdcc/__divslong_callee.asm
../../_DEVELOPMENT/math/float/am9511/lam32/c/sdcc/__divulong_callee.asm
../../_DEVELOPMENT/math/float/am9511/lam32/c/sdcc/__mullong.asm
../../_DEVELOPMENT/math/float/am9511/lam32/c/sdcc/__modslong.asm
../../_DEVELOPMENT/math/float/am9511/lam32/c/sdcc/__modulong.asm
../../_DEVELOPMENT/math/float/am9511/lam32/c/sdcc/__mullong_callee.asm
../../_DEVELOPMENT/math/float/am9511/lam32/c/sdcc/__modslong_callee.asm
../../_DEVELOPMENT/math/float/am9511/lam32/c/sdcc/__modulong_callee.asm

../../_DEVELOPMENT/math/float/am9511/lam32/c/sccz80/acos.asm
../../_DEVELOPMENT/math/float/am9511/lam32/c/sccz80/acos_fastcall.asm
../../_DEVELOPMENT/math/float/am9511/lam32/c/sccz80/acosh.asm
../../_DEVELOPMENT/math/float/am9511/lam32/c/sccz80/acosh_fastcall.asm
../../_DEVELOPMENT/math/float/am9511/lam32/c/sccz80/asin.asm
../../_DEVELOPMENT/math/float/am9511/lam32/c/sccz80/asin_fastcall.asm
../../_DEVELOPMENT/math/float/am9511/lam32/c/sccz80/asinh.asm
../../_DEVELOPMENT/math/float/am9511/lam32/c/sccz80/asinh_fastcall.asm
../../_DEVELOPMENT/math/float/am9511/lam32/c/sccz80/atan.asm
../../_DEVELOPMENT/math/float/am9511/lam32/c/sccz80/atan2.asm
../../_DEVELOPMENT/math/float/am9511/lam32/c/sccz80/atan2_callee.asm
../../_DEVELOPMENT/math/float/am9511/lam32/c/sccz80/atan_fastcall.asm
../../_DEVELOPMENT/math/float/am9511/lam32/c/sccz80/atanh.asm
../../_DEVELOPMENT/math/float/am9511/lam32/c/sccz80/atanh_fastcall.asm
../../_DEVELOPMENT/math/float/am9511/lam32/c/sccz80/ceil.asm
../../_DEVELOPMENT/math/float/am9511/lam32/c/sccz80/ceil_fastcall.asm
../../_DEVELOPMENT/math/float/am9511/lam32/c/sccz80/cos.asm
../../_DEVELOPMENT/math/float/am9511/lam32/c/sccz80/cos_fastcall.asm
../../_DEVELOPMENT/math/float/am9511/lam32/c/sccz80/cosh.asm
../../_DEVELOPMENT/math/float/am9511/lam32/c/sccz80/cosh_fastcall.asm
../../_DEVELOPMENT/math/float/am9511/lam32/c/sccz80/div2.asm
../../_DEVELOPMENT/math/float/am9511/lam32/c/sccz80/div2_fastcall.asm
../../_DEVELOPMENT/math/float/am9511/lam32/c/sccz80/dload.asm
../../_DEVELOPMENT/math/float/am9511/lam32/c/sccz80/dloadb.asm
../../_DEVELOPMENT/math/float/am9511/lam32/c/sccz80/exp.asm
../../_DEVELOPMENT/math/float/am9511/lam32/c/sccz80/exp2.asm
../../_DEVELOPMENT/math/float/am9511/lam32/c/sccz80/exp2_fastcall.asm
../../_DEVELOPMENT/math/float/am9511/lam32/c/sccz80/exp10.asm
../../_DEVELOPMENT/math/float/am9511/lam32/c/sccz80/exp10_fastcall.asm
../../_DEVELOPMENT/math/float/am9511/lam32/c/sccz80/exp_fastcall.asm
../../_DEVELOPMENT/math/float/am9511/lam32/c/sccz80/f32_fam9511.asm
../../_DEVELOPMENT/math/float/am9511/lam32/c/sccz80/fabs.asm
../../_DEVELOPMENT/math/float/am9511/lam32/c/sccz80/fabs_fastcall.asm
../../_DEVELOPMENT/math/float/am9511/lam32/c/sccz80/floor.asm
../../_DEVELOPMENT/math/float/am9511/lam32/c/sccz80/floor_fastcall.asm
../../_DEVELOPMENT/math/float/am9511/lam32/c/sccz80/fmax.asm
../../_DEVELOPMENT/math/float/am9511/lam32/c/sccz80/fmax_callee.asm
../../_DEVELOPMENT/math/float/am9511/lam32/c/sccz80/fmin.asm
../../_DEVELOPMENT/math/float/am9511/lam32/c/sccz80/fmin_callee.asm
../../_DEVELOPMENT/math/float/am9511/lam32/c/sccz80/fmod.asm
../../_DEVELOPMENT/math/float/am9511/lam32/c/sccz80/fmod_callee.asm
../../_DEVELOPMENT/math/float/am9511/lam32/c/sccz80/fpclassify.asm
../../_DEVELOPMENT/math/float/am9511/lam32/c/sccz80/frexp.asm
../../_DEVELOPMENT/math/float/am9511/lam32/c/sccz80/frexp_callee.asm
../../_DEVELOPMENT/math/float/am9511/lam32/c/sccz80/hypot.asm
../../_DEVELOPMENT/math/float/am9511/lam32/c/sccz80/hypot_callee.asm
../../_DEVELOPMENT/math/float/am9511/lam32/c/sccz80/ldexp.asm
../../_DEVELOPMENT/math/float/am9511/lam32/c/sccz80/ldexp_callee.asm
../../_DEVELOPMENT/math/float/am9511/lam32/c/sccz80/l_f32_add.asm
../../_DEVELOPMENT/math/float/am9511/lam32/c/sccz80/l_f32_conv.asm
../../_DEVELOPMENT/math/float/am9511/lam32/c/sccz80/l_f32_div.asm
../../_DEVELOPMENT/math/float/am9511/lam32/c/sccz80/l_f32_eq.asm
../../_DEVELOPMENT/math/float/am9511/lam32/c/sccz80/l_f32_f2int.asm
../../_DEVELOPMENT/math/float/am9511/lam32/c/sccz80/l_f32_f2long.asm
../../_DEVELOPMENT/math/float/am9511/lam32/c/sccz80/l_f32_ge.asm
../../_DEVELOPMENT/math/float/am9511/lam32/c/sccz80/l_f32_gt.asm
../../_DEVELOPMENT/math/float/am9511/lam32/c/sccz80/l_f32_invf.asm
../../_DEVELOPMENT/math/float/am9511/lam32/c/sccz80/l_f32_ldexp.asm
../../_DEVELOPMENT/math/float/am9511/lam32/c/sccz80/l_f32_le.asm
../../_DEVELOPMENT/math/float/am9511/lam32/c/sccz80/l_f32_lt.asm
../../_DEVELOPMENT/math/float/am9511/lam32/c/sccz80/l_f32_mul.asm
../../_DEVELOPMENT/math/float/am9511/lam32/c/sccz80/l_f32_ne.asm
../../_DEVELOPMENT/math/float/am9511/lam32/c/sccz80/l_f32_sub.asm
../../_DEVELOPMENT/math/float/am9511/lam32/c/sccz80/l_f32_swap.asm
../../_DEVELOPMENT/math/float/am9511/lam32/c/sccz80/l_f32_zero.asm
../../_DEVELOPMENT/math/float/am9511/lam32/c/sccz80/l_long_div.asm
../../_DEVELOPMENT/math/float/am9511/lam32/c/sccz80/l_long_div_u.asm
../../_DEVELOPMENT/math/float/am9511/lam32/c/sccz80/l_long_mod.asm
../../_DEVELOPMENT/math/float/am9511/lam32/c/sccz80/l_long_mod_u.asm
../../_DEVELOPMENT/math/float/am9511/lam32/c/sccz80/l_long_mult.asm
../../_DEVELOPMENT/math/float/am9511/lam32/c/sccz80/log.asm
../../_DEVELOPMENT/math/float/am9511/lam32/c/sccz80/log2.asm
../../_DEVELOPMENT/math/float/am9511/lam32/c/sccz80/log2_fastcall.asm
../../_DEVELOPMENT/math/float/am9511/lam32/c/sccz80/log10.asm
../../_DEVELOPMENT/math/float/am9511/lam32/c/sccz80/log10_fastcall.asm
../../_DEVELOPMENT/math/float/am9511/lam32/c/sccz80/log_fastcall.asm
../../_DEVELOPMENT/math/float/am9511/lam32/c/sccz80/modf.asm
../../_DEVELOPMENT/math/float/am9511/lam32/c/sccz80/modf_callee.asm
../../_DEVELOPMENT/math/float/am9511/lam32/c/sccz80/mul2.asm
../../_DEVELOPMENT/math/float/am9511/lam32/c/sccz80/mul2_fastcall.asm
../../_DEVELOPMENT/math/float/am9511/lam32/c/sccz80/mul10u.asm
../../_DEVELOPMENT/math/float/am9511/lam32/c/sccz80/mul10u_fastcall.asm
../../_DEVELOPMENT/math/float/am9511/lam32/c/sccz80/pow.asm
../../_DEVELOPMENT/math/float/am9511/lam32/c/sccz80/pow_callee.asm
../../_DEVELOPMENT/math/float/am9511/lam32/c/sccz80/round.asm
../../_DEVELOPMENT/math/float/am9511/lam32/c/sccz80/round_fastcall.asm
../../_DEVELOPMENT/math/float/am9511/lam32/c/sccz80/sin.asm
../../_DEVELOPMENT/math/float/am9511/lam32/c/sccz80/sin_fastcall.asm
../../_DEVELOPMENT/math/float/am9511/lam32/c/sccz80/sinh.asm
../../_DEVELOPMENT/math/float/am9511/lam32/c/sccz80/sinh_fastcall.asm
../../_DEVELOPMENT/math/float/am9511/lam32/c/sccz80/sqr.asm
../../_DEVELOPMENT/math/float/am9511/lam32/c/sccz80/sqr_fastcall.asm
../../_DEVELOPMENT/math/float/am9511/lam32/c/sccz80/sqrt.asm
../../_DEVELOPMENT/math/float/am9511/lam32/c/sccz80/sqrt_fastcall.asm
../../_DEVELOPMENT/math/float/am9511/lam32/c/sccz80/tan.asm
../../_DEVELOPMENT/math/float/am9511/lam32/c/sccz80/tan_fastcall.asm
../../_DEVELOPMENT/math/float/am9511/lam32/c/sccz80/tanh.asm
../../_DEVELOPMENT/math/float/am9511/lam32/c/sccz80/tanh_fastcall.asm

../../_DEVELOPMENT/math/float/am9511/z80/am32_acos.asm
../../_DEVELOPMENT/math/float/am9511/z80/am32_am9511.asm
../../_DEVELOPMENT/math/float/am9511/z80/am32_asin.asm
../../_DEVELOPMENT/math/float/am9511/z80/am32_atan.asm
../../_DEVELOPMENT/math/float/am9511/z80/am32_ceil.asm
../../_DEVELOPMENT/math/float/am9511/z80/am32_compare.asm
../../_DEVELOPMENT/math/float/am9511/z80/am32_const.asm
../../_DEVELOPMENT/math/float/am9511/z80/am32_conv.asm
../../_DEVELOPMENT/math/float/am9511/z80/am32_cos.asm
../../_DEVELOPMENT/math/float/am9511/z80/am32_discardfraction.asm
../../_DEVELOPMENT/math/float/am9511/z80/am32__dtoa_base10.asm
../../_DEVELOPMENT/math/float/am9511/z80/am32__dtoa_base16.asm
../../_DEVELOPMENT/math/float/am9511/z80/am32__dtoa_digits.asm
../../_DEVELOPMENT/math/float/am9511/z80/am32__dtoa_sgnabs.asm
../../_DEVELOPMENT/math/float/am9511/z80/am32_error.asm
../../_DEVELOPMENT/math/float/am9511/z80/am32_exp.asm
../../_DEVELOPMENT/math/float/am9511/z80/am32_f2long.asm
../../_DEVELOPMENT/math/float/am9511/z80/am32_fabs.asm
../../_DEVELOPMENT/math/float/am9511/z80/am32_fadd.asm
../../_DEVELOPMENT/math/float/am9511/z80/am32_fdiv.asm
../../_DEVELOPMENT/math/float/am9511/z80/am32_fdiv2.asm
../../_DEVELOPMENT/math/float/am9511/z80/am32_floor.asm
../../_DEVELOPMENT/math/float/am9511/z80/am32_fmul.asm
../../_DEVELOPMENT/math/float/am9511/z80/am32_fmul2.asm
../../_DEVELOPMENT/math/float/am9511/z80/am32_fmul10u.asm
../../_DEVELOPMENT/math/float/am9511/z80/am32_fpclassify.asm
../../_DEVELOPMENT/math/float/am9511/z80/am32_frexp.asm
../../_DEVELOPMENT/math/float/am9511/z80/am32_fsub.asm
../../_DEVELOPMENT/math/float/am9511/z80/am32_hexpop.asm
../../_DEVELOPMENT/math/float/am9511/z80/am32_hypot.asm
../../_DEVELOPMENT/math/float/am9511/z80/am32_inv.asm
../../_DEVELOPMENT/math/float/am9511/z80/am32_idiv.asm
../../_DEVELOPMENT/math/float/am9511/z80/am32_imod.asm
../../_DEVELOPMENT/math/float/am9511/z80/am32_imul.asm
../../_DEVELOPMENT/math/float/am9511/z80/am32_ladd.asm
../../_DEVELOPMENT/math/float/am9511/z80/am32_ldexp.asm
../../_DEVELOPMENT/math/float/am9511/z80/am32_ldiv.asm
../../_DEVELOPMENT/math/float/am9511/z80/am32_lmod.asm
../../_DEVELOPMENT/math/float/am9511/z80/am32_lmul.asm
../../_DEVELOPMENT/math/float/am9511/z80/am32_log.asm
../../_DEVELOPMENT/math/float/am9511/z80/am32_log10.asm
../../_DEVELOPMENT/math/float/am9511/z80/am32_lsub.asm
../../_DEVELOPMENT/math/float/am9511/z80/am32_nan_b.asm
../../_DEVELOPMENT/math/float/am9511/z80/am32_popf.asm
../../_DEVELOPMENT/math/float/am9511/z80/am32_popi.asm
../../_DEVELOPMENT/math/float/am9511/z80/am32_popl.asm
../../_DEVELOPMENT/math/float/am9511/z80/am32_pow.asm
../../_DEVELOPMENT/math/float/am9511/z80/am32_pushf.asm
../../_DEVELOPMENT/math/float/am9511/z80/am32_pushi.asm
../../_DEVELOPMENT/math/float/am9511/z80/am32_pushl.asm
../../_DEVELOPMENT/math/float/am9511/z80/am32_sigdig.asm
../../_DEVELOPMENT/math/float/am9511/z80/am32_sin.asm
../../_DEVELOPMENT/math/float/am9511/z80/am32_sqr.asm
../../_DEVELOPMENT/math/float/am9511/z80/am32_sqrt.asm
../../_DEVELOPMENT/math/float/am9511/z80/am32_tan.asm
../../_DEVELOPMENT/math/float/am9511/z80/am32_util.asm

../../_DEVELOPMENT/math/float/am9511/c/asm/am9511_acosh.asm
../../_DEVELOPMENT/math/float/am9511/c/asm/am9511_asinh.asm
../../_DEVELOPMENT/math/float/am9511/c/asm/am9511_atan2.asm
../../_DEVELOPMENT/math/float/am9511/c/asm/am9511_atanh.asm
../../_DEVELOPMENT/math/float/am9511/c/asm/am9511_cosh.asm
../../_DEVELOPMENT/math/float/am9511/c/asm/am9511_exp2.asm
../../_DEVELOPMENT/math/float/am9511/c/asm/am9511_exp10.asm
../../_DEVELOPMENT/math/float/am9511/c/asm/am9511_fmod.asm
../../_DEVELOPMENT/math/float/am9511/c/asm/am9511_log2.asm
../../_DEVELOPMENT/math/float/am9511/c/asm/am9511_modf.asm
../../_DEVELOPMENT/math/float/am9511/c/asm/am9511_round.asm
../../_DEVELOPMENT/math/float/am9511/c/asm/am9511_sinh.asm
../../_DEVELOPMENT/math/float/am9511/c/asm/am9511_tanh.asm

../../_DEVELOPMENT/math/float/am9511/c/sdcc/cam32_sdcc_acos.asm
../../_DEVELOPMENT/math/float/am9511/c/sdcc/cam32_sdcc_acosh.asm
../../_DEVELOPMENT/math/float/am9511/c/sdcc/cam32_sdcc_asin.asm
../../_DEVELOPMENT/math/float/am9511/c/sdcc/cam32_sdcc_asinh.asm
../../_DEVELOPMENT/math/float/am9511/c/sdcc/cam32_sdcc_atan.asm
../../_DEVELOPMENT/math/float/am9511/c/sdcc/cam32_sdcc_atan2_callee.asm
../../_DEVELOPMENT/math/float/am9511/c/sdcc/cam32_sdcc_atanh.asm
../../_DEVELOPMENT/math/float/am9511/c/sdcc/cam32_sdcc_ceil.asm
../../_DEVELOPMENT/math/float/am9511/c/sdcc/cam32_sdcc_cos.asm
../../_DEVELOPMENT/math/float/am9511/c/sdcc/cam32_sdcc_cosh.asm
../../_DEVELOPMENT/math/float/am9511/c/sdcc/cam32_sdcc_dload.asm
../../_DEVELOPMENT/math/float/am9511/c/sdcc/cam32_sdcc_exp.asm
../../_DEVELOPMENT/math/float/am9511/c/sdcc/cam32_sdcc_exp2.asm
../../_DEVELOPMENT/math/float/am9511/c/sdcc/cam32_sdcc_exp10.asm
../../_DEVELOPMENT/math/float/am9511/c/sdcc/cam32_sdcc_fabs.asm
../../_DEVELOPMENT/math/float/am9511/c/sdcc/cam32_sdcc_fadd.asm
../../_DEVELOPMENT/math/float/am9511/c/sdcc/cam32_sdcc_fadd_callee.asm
../../_DEVELOPMENT/math/float/am9511/c/sdcc/cam32_sdcc_fam9511.asm
../../_DEVELOPMENT/math/float/am9511/c/sdcc/cam32_sdcc_fdiv.asm
../../_DEVELOPMENT/math/float/am9511/c/sdcc/cam32_sdcc_fdiv2.asm
../../_DEVELOPMENT/math/float/am9511/c/sdcc/cam32_sdcc_fdiv_callee.asm
../../_DEVELOPMENT/math/float/am9511/c/sdcc/cam32_sdcc_floor.asm
../../_DEVELOPMENT/math/float/am9511/c/sdcc/cam32_sdcc_fmax.asm
../../_DEVELOPMENT/math/float/am9511/c/sdcc/cam32_sdcc_fmax_callee.asm
../../_DEVELOPMENT/math/float/am9511/c/sdcc/cam32_sdcc_fmin.asm
../../_DEVELOPMENT/math/float/am9511/c/sdcc/cam32_sdcc_fmin_callee.asm
../../_DEVELOPMENT/math/float/am9511/c/sdcc/cam32_sdcc_fmul.asm
../../_DEVELOPMENT/math/float/am9511/c/sdcc/cam32_sdcc_fmul2.asm
../../_DEVELOPMENT/math/float/am9511/c/sdcc/cam32_sdcc_fmul10u.asm
../../_DEVELOPMENT/math/float/am9511/c/sdcc/cam32_sdcc_fmul_callee.asm
../../_DEVELOPMENT/math/float/am9511/c/sdcc/cam32_sdcc_fpclassify.asm
../../_DEVELOPMENT/math/float/am9511/c/sdcc/cam32_sdcc_frexp.asm
../../_DEVELOPMENT/math/float/am9511/c/sdcc/cam32_sdcc_frexp_callee.asm
../../_DEVELOPMENT/math/float/am9511/c/sdcc/cam32_sdcc___fs2sint.asm
../../_DEVELOPMENT/math/float/am9511/c/sdcc/cam32_sdcc___fs2sint_callee.asm
../../_DEVELOPMENT/math/float/am9511/c/sdcc/cam32_sdcc___fs2slong.asm
../../_DEVELOPMENT/math/float/am9511/c/sdcc/cam32_sdcc___fs2slong_callee.asm
../../_DEVELOPMENT/math/float/am9511/c/sdcc/cam32_sdcc___fs2uint.asm
../../_DEVELOPMENT/math/float/am9511/c/sdcc/cam32_sdcc___fs2uint_callee.asm
../../_DEVELOPMENT/math/float/am9511/c/sdcc/cam32_sdcc___fs2ulong.asm
../../_DEVELOPMENT/math/float/am9511/c/sdcc/cam32_sdcc___fs2ulong_callee.asm
../../_DEVELOPMENT/math/float/am9511/c/sdcc/cam32_sdcc___fseq_callee.asm
../../_DEVELOPMENT/math/float/am9511/c/sdcc/cam32_sdcc___fsgt_callee.asm
../../_DEVELOPMENT/math/float/am9511/c/sdcc/cam32_sdcc___fslt_callee.asm
../../_DEVELOPMENT/math/float/am9511/c/sdcc/cam32_sdcc___fsneq_callee.asm
../../_DEVELOPMENT/math/float/am9511/c/sdcc/cam32_sdcc_fsub.asm
../../_DEVELOPMENT/math/float/am9511/c/sdcc/cam32_sdcc_fsub_callee.asm
../../_DEVELOPMENT/math/float/am9511/c/sdcc/cam32_sdcc_hypot.asm
../../_DEVELOPMENT/math/float/am9511/c/sdcc/cam32_sdcc_hypot_callee.asm
../../_DEVELOPMENT/math/float/am9511/c/sdcc/cam32_sdcc_idiv.asm
../../_DEVELOPMENT/math/float/am9511/c/sdcc/cam32_sdcc_idiv_callee.asm
../../_DEVELOPMENT/math/float/am9511/c/sdcc/cam32_sdcc_imod.asm
../../_DEVELOPMENT/math/float/am9511/c/sdcc/cam32_sdcc_imod_callee.asm
../../_DEVELOPMENT/math/float/am9511/c/sdcc/cam32_sdcc_imul.asm
../../_DEVELOPMENT/math/float/am9511/c/sdcc/cam32_sdcc_imul_callee.asm
../../_DEVELOPMENT/math/float/am9511/c/sdcc/cam32_sdcc_ladd.asm
../../_DEVELOPMENT/math/float/am9511/c/sdcc/cam32_sdcc_ladd_callee.asm
../../_DEVELOPMENT/math/float/am9511/c/sdcc/cam32_sdcc_ldexp.asm
../../_DEVELOPMENT/math/float/am9511/c/sdcc/cam32_sdcc_ldexp_callee.asm
../../_DEVELOPMENT/math/float/am9511/c/sdcc/cam32_sdcc_ldiv.asm
../../_DEVELOPMENT/math/float/am9511/c/sdcc/cam32_sdcc_ldiv_callee.asm
../../_DEVELOPMENT/math/float/am9511/c/sdcc/cam32_sdcc_lmod.asm
../../_DEVELOPMENT/math/float/am9511/c/sdcc/cam32_sdcc_lmod_callee.asm
../../_DEVELOPMENT/math/float/am9511/c/sdcc/cam32_sdcc_lmul.asm
../../_DEVELOPMENT/math/float/am9511/c/sdcc/cam32_sdcc_lmul_callee.asm
../../_DEVELOPMENT/math/float/am9511/c/sdcc/cam32_sdcc_load.asm
../../_DEVELOPMENT/math/float/am9511/c/sdcc/cam32_sdcc_log.asm
../../_DEVELOPMENT/math/float/am9511/c/sdcc/cam32_sdcc_log2.asm
../../_DEVELOPMENT/math/float/am9511/c/sdcc/cam32_sdcc_log10.asm
../../_DEVELOPMENT/math/float/am9511/c/sdcc/cam32_sdcc_lsub.asm
../../_DEVELOPMENT/math/float/am9511/c/sdcc/cam32_sdcc_lsub_callee.asm
../../_DEVELOPMENT/math/float/am9511/c/sdcc/cam32_sdcc_neg.asm
../../_DEVELOPMENT/math/float/am9511/c/sdcc/cam32_sdcc_pow.asm
../../_DEVELOPMENT/math/float/am9511/c/sdcc/cam32_sdcc_pow_callee.asm
../../_DEVELOPMENT/math/float/am9511/c/sdcc/cam32_sdcc_read.asm
../../_DEVELOPMENT/math/float/am9511/c/sdcc/cam32_sdcc_read_callee.asm
../../_DEVELOPMENT/math/float/am9511/c/sdcc/cam32_sdcc_round.asm
../../_DEVELOPMENT/math/float/am9511/c/sdcc/cam32_sdcc___schar2fs.asm
../../_DEVELOPMENT/math/float/am9511/c/sdcc/cam32_sdcc___schar2fs_callee.asm
../../_DEVELOPMENT/math/float/am9511/c/sdcc/cam32_sdcc_sin.asm
../../_DEVELOPMENT/math/float/am9511/c/sdcc/cam32_sdcc_sinh.asm
../../_DEVELOPMENT/math/float/am9511/c/sdcc/cam32_sdcc___sint2fs.asm
../../_DEVELOPMENT/math/float/am9511/c/sdcc/cam32_sdcc___sint2fs_callee.asm
../../_DEVELOPMENT/math/float/am9511/c/sdcc/cam32_sdcc___slong2fs.asm
../../_DEVELOPMENT/math/float/am9511/c/sdcc/cam32_sdcc___slong2fs_callee.asm
../../_DEVELOPMENT/math/float/am9511/c/sdcc/cam32_sdcc_sqr.asm
../../_DEVELOPMENT/math/float/am9511/c/sdcc/cam32_sdcc_sqrt.asm
../../_DEVELOPMENT/math/float/am9511/c/sdcc/cam32_sdcc_tan.asm
../../_DEVELOPMENT/math/float/am9511/c/sdcc/cam32_sdcc_tanh.asm
../../_DEVELOPMENT/math/float/am9511/c/sdcc/cam32_sdcc___uchar2fs.asm
../../_DEVELOPMENT/math/float/am9511/c/sdcc/cam32_sdcc___uchar2fs_callee.asm
../../_DEVELOPMENT/math/float/am9511/c/sdcc/cam32_sdcc___uint2fs.asm
../../_DEVELOPMENT/math/float/am9511/c/sdcc/cam32_sdcc___uint2fs_callee.asm
../../_DEVELOPMENT/math/float/am9511/c/sdcc/cam32_sdcc___ulong2fs.asm
../../_DEVELOPMENT/math/float/am9511/c/sdcc/cam32_sdcc___ulong2fs_callee.asm
../../_DEVELOPMENT/math/float/am9511/c/sdcc/cam32_sdcc_zero.asm

../../_DEVELOPMENT/math/float/am9511/c/sccz80/cam32_sccz80_acos.asm
../../_DEVELOPMENT/math/float/am9511/c/sccz80/cam32_sccz80_acosh.asm
../../_DEVELOPMENT/math/float/am9511/c/sccz80/cam32_sccz80_asin.asm
../../_DEVELOPMENT/math/float/am9511/c/sccz80/cam32_sccz80_asinh.asm
../../_DEVELOPMENT/math/float/am9511/c/sccz80/cam32_sccz80_atan.asm
../../_DEVELOPMENT/math/float/am9511/c/sccz80/cam32_sccz80_atan2.asm
../../_DEVELOPMENT/math/float/am9511/c/sccz80/cam32_sccz80_atan2_callee.asm
../../_DEVELOPMENT/math/float/am9511/c/sccz80/cam32_sccz80_atanh.asm
../../_DEVELOPMENT/math/float/am9511/c/sccz80/cam32_sccz80_ceil.asm
../../_DEVELOPMENT/math/float/am9511/c/sccz80/cam32_sccz80_cos.asm
../../_DEVELOPMENT/math/float/am9511/c/sccz80/cam32_sccz80_cosh.asm
../../_DEVELOPMENT/math/float/am9511/c/sccz80/cam32_sccz80_dload.asm
../../_DEVELOPMENT/math/float/am9511/c/sccz80/cam32_sccz80_dloadb.asm
../../_DEVELOPMENT/math/float/am9511/c/sccz80/cam32_sccz80_exp.asm
../../_DEVELOPMENT/math/float/am9511/c/sccz80/cam32_sccz80_exp2.asm
../../_DEVELOPMENT/math/float/am9511/c/sccz80/cam32_sccz80_exp10.asm
../../_DEVELOPMENT/math/float/am9511/c/sccz80/cam32_sccz80_fabs.asm
../../_DEVELOPMENT/math/float/am9511/c/sccz80/cam32_sccz80_fadd.asm
../../_DEVELOPMENT/math/float/am9511/c/sccz80/cam32_sccz80_fadd_callee.asm
../../_DEVELOPMENT/math/float/am9511/c/sccz80/cam32_sccz80_fam9511.asm
../../_DEVELOPMENT/math/float/am9511/c/sccz80/cam32_sccz80_fdiv.asm
../../_DEVELOPMENT/math/float/am9511/c/sccz80/cam32_sccz80_fdiv2.asm
../../_DEVELOPMENT/math/float/am9511/c/sccz80/cam32_sccz80_fdiv_callee.asm
../../_DEVELOPMENT/math/float/am9511/c/sccz80/cam32_sccz80_floor.asm
../../_DEVELOPMENT/math/float/am9511/c/sccz80/cam32_sccz80_fmax.asm
../../_DEVELOPMENT/math/float/am9511/c/sccz80/cam32_sccz80_fmax_callee.asm
../../_DEVELOPMENT/math/float/am9511/c/sccz80/cam32_sccz80_fmin.asm
../../_DEVELOPMENT/math/float/am9511/c/sccz80/cam32_sccz80_fmin_callee.asm
../../_DEVELOPMENT/math/float/am9511/c/sccz80/cam32_sccz80_fmod.asm
../../_DEVELOPMENT/math/float/am9511/c/sccz80/cam32_sccz80_fmod_callee.asm
../../_DEVELOPMENT/math/float/am9511/c/sccz80/cam32_sccz80_fmul.asm
../../_DEVELOPMENT/math/float/am9511/c/sccz80/cam32_sccz80_fmul2.asm
../../_DEVELOPMENT/math/float/am9511/c/sccz80/cam32_sccz80_fmul10u.asm
../../_DEVELOPMENT/math/float/am9511/c/sccz80/cam32_sccz80_fmul_callee.asm
../../_DEVELOPMENT/math/float/am9511/c/sccz80/cam32_sccz80_fpclassify.asm
../../_DEVELOPMENT/math/float/am9511/c/sccz80/cam32_sccz80_frexp.asm
../../_DEVELOPMENT/math/float/am9511/c/sccz80/cam32_sccz80_frexp_callee.asm
../../_DEVELOPMENT/math/float/am9511/c/sccz80/cam32_sccz80_fsub.asm
../../_DEVELOPMENT/math/float/am9511/c/sccz80/cam32_sccz80_fsub_callee.asm
../../_DEVELOPMENT/math/float/am9511/c/sccz80/cam32_sccz80_hypot.asm
../../_DEVELOPMENT/math/float/am9511/c/sccz80/cam32_sccz80_hypot_callee.asm
../../_DEVELOPMENT/math/float/am9511/c/sccz80/cam32_sccz80_ldexp.asm
../../_DEVELOPMENT/math/float/am9511/c/sccz80/cam32_sccz80_ldexp_callee.asm
../../_DEVELOPMENT/math/float/am9511/c/sccz80/cam32_sccz80_ldiv_callee.asm
../../_DEVELOPMENT/math/float/am9511/c/sccz80/cam32_sccz80_ldiv_u_callee.asm
../../_DEVELOPMENT/math/float/am9511/c/sccz80/cam32_sccz80_lmod_callee.asm
../../_DEVELOPMENT/math/float/am9511/c/sccz80/cam32_sccz80_lmod_u_callee.asm
../../_DEVELOPMENT/math/float/am9511/c/sccz80/cam32_sccz80_lmul_callee.asm
../../_DEVELOPMENT/math/float/am9511/c/sccz80/cam32_sccz80_load.asm
../../_DEVELOPMENT/math/float/am9511/c/sccz80/cam32_sccz80_log.asm
../../_DEVELOPMENT/math/float/am9511/c/sccz80/cam32_sccz80_log2.asm
../../_DEVELOPMENT/math/float/am9511/c/sccz80/cam32_sccz80_log10.asm
../../_DEVELOPMENT/math/float/am9511/c/sccz80/cam32_sccz80_modf.asm
../../_DEVELOPMENT/math/float/am9511/c/sccz80/cam32_sccz80_modf_callee.asm
../../_DEVELOPMENT/math/float/am9511/c/sccz80/cam32_sccz80_neg.asm
../../_DEVELOPMENT/math/float/am9511/c/sccz80/cam32_sccz80_pow.asm
../../_DEVELOPMENT/math/float/am9511/c/sccz80/cam32_sccz80_pow_callee.asm
../../_DEVELOPMENT/math/float/am9511/c/sccz80/cam32_sccz80_read.asm
../../_DEVELOPMENT/math/float/am9511/c/sccz80/cam32_sccz80_read_callee.asm
../../_DEVELOPMENT/math/float/am9511/c/sccz80/cam32_sccz80_round.asm
../../_DEVELOPMENT/math/float/am9511/c/sccz80/cam32_sccz80_sin.asm
../../_DEVELOPMENT/math/float/am9511/c/sccz80/cam32_sccz80_sinh.asm
../../_DEVELOPMENT/math/float/am9511/c/sccz80/cam32_sccz80_sqr.asm
../../_DEVELOPMENT/math/float/am9511/c/sccz80/cam32_sccz80_sqrt.asm
../../_DEVELOPMENT/math/float/am9511/c/sccz80/cam32_sccz80_switch_arg.asm
../../_DEVELOPMENT/math/float/am9511/c/sccz80/cam32_sccz80_tan.asm
../../_DEVELOPMENT/math/float/am9511/c/sccz80/cam32_sccz80_tanh.asm
../../_DEVELOPMENT/math/float/am9511/c/sccz80/cam32_sccz80_zero.asm
