@sound/sn76489/sn76489_asm.lst
sound/sn76489/c/sdcc/PSGCancelLoop
sound/sn76489/c/sdcc/PSGFrame
sound/sn76489/c/sdcc/PSGGetStatus
sound/sn76489/c/sdcc/PSGPlay
sound/sn76489/c/sdcc/PSGPlay_fastcall
sound/sn76489/c/sdcc/PSGPlayNoRepeat
sound/sn76489/c/sdcc/PSGPlayNoRepeat_fastcall
sound/sn76489/c/sdcc/PSGRestoreVolumes
sound/sn76489/c/sdcc/PSGSetMusicVolumeAttenuation
sound/sn76489/c/sdcc/PSGSetMusicVolumeAttenuation_fastcall
sound/sn76489/c/sdcc/PSGSFXCancelLoop
sound/sn76489/c/sdcc/PSGSFXFrame
sound/sn76489/c/sdcc/PSGSFXGetStatus
sound/sn76489/c/sdcc/PSGSFXPlay
sound/sn76489/c/sdcc/PSGSFXPlay_callee
sound/sn76489/c/sdcc/PSGSFXPlayLoop
sound/sn76489/c/sdcc/PSGSFXPlayLoop_callee
sound/sn76489/c/sdcc/PSGSFXStop
sound/sn76489/c/sdcc/PSGSilenceChannels
sound/sn76489/c/sdcc/PSGStop
