target/cpm/stdio/obj/${TYPE}/fgetc_cons
target/cpm/stdio/obj/${TYPE}/getk
target/cpm/stdio/obj/${TYPE}/fputc_cons
target/cpm/stdio/obj/${TYPE}/generic_console
@stdio/stdio_binary.lst
@time/time.lst
target/cpm/time/obj/${TYPE}/clock
target/cpm/time/obj/${TYPE}/time
target/cpm/cpm/obj/${TYPE}/subuserf
target/cpm/cpm/obj/${TYPE}/a_statusline
target/cpm/cpm/obj/${TYPE}/a_border
target/cpm/cpm/obj/${TYPE}/a_paper
target/cpm/cpm/obj/${TYPE}/a_ink
target/cpm/cpm/obj/${TYPE}/a_curx
target/cpm/cpm/obj/${TYPE}/a_cury
target/cpm/cpm/obj/${TYPE}/a_machine
target/cpm/cpm/obj/${TYPE}/a_machinever
target/cpm/cpm/obj/${TYPE}/a_biosver
target/cpm/cpm/obj/${TYPE}/a_memsize
target/cpm/cpm/obj/${TYPE}/a_driveb
target/cpm/cpm/obj/${TYPE}/a_serialport
target/cpm/cpm/obj/${TYPE}/a_keyspeed
target/cpm/cpm/obj/${TYPE}/cpm_platform_init
@target/cpm/fcntl/fcntl.lst
target/cpm/cpm/obj/${TYPE}/execl
games/joystick

