target/lviv/stdio/fputc_cons_native
target/lviv/stdio/generic_console
target/lviv/stdio/generic_console_ioctl
target/lviv/stdio/generic_console_vpeek
target/lviv/stdio/conio_vars
target/lviv/stdio/CRT_FONT
@stdio/stdio_8080.lst
@font/font_8x8/font_8x8.lst
@time/time.lst
target/lviv/games/joystick
target/lviv/games/keys_joystick
@games/games.lst
target/lviv/graphics/clg
target/lviv/graphics/pixladdr
target/lviv/graphics/plotpixl
target/lviv/graphics/respixl
target/lviv/graphics/xorpixl
target/lviv/graphics/pointxy
@gfx/portable/gfx_portable.lst
@gfx/narrow/gfx_narrow.lst
target/lviv/input/in_keytranstbl_qwerty
stdio/inkey/getk
stdio/inkey/fgetc_cons
@input/input_keyboard.lst
