target/primo/stdio/generic_console
target/primo/stdio/generic_console_ioctl
target/primo/stdio/generic_console_vpeek
target/primo/stdio/CRT_FONT
target/primo/stdio/conio_vars
target/primo/stdio/fputc_cons_native
@stdio/stdio_ixiy.lst
stdio/inkey/getk
stdio/inkey/fgetc_cons
@input/input_keyboard.lst
@font/font_8x8/font_8x8.lst
target/primo/graphics/pixladdr
target/primo/graphics/clg
@gfx/narrow/gfx_narrow.lst
target/primo/games/bit_open
target/primo/games/bit_open_di
target/primo/games/bit_close
target/primo/games/bit_close_ei
target/primo/games/keys_joystick
target/primo/games/joystick
@games/games.lst

