target/sms/stdio/fputc_cons
target/sms/stdio/generic_console
target/sms/stdio/generic_console_vpeek
target/sms/games/joystick
target/shared/clock
target/sms/clear_vram
target/sms/load_palette
target/sms/load_palette_gamegear
target/sms/VRAMToHL
target/sms/load_tiles
target/sms/DrawOneLine
target/sms/set_bkg_map
target/sms/standard_font
target/sms/scroll_bkg
target/sms/get_vcount
target/sms/wait_vblank_noint
target/sms/set_sprite
target/sms/read_joypad1
target/sms/read_joypad2
target/sms/gotoxy
target/sms/add_raster_int
target/sms/add_pause_int
@psg/sn76489/sn76489.lst
@games/games.lst
@video/tms9918/video_tms9918.lst
@gfx/narrow/gfx_narrow.lst
@stdio/stdio.lst
@font/font_8x8/font_8x8.lst
