@target/zx/input_zx.lst
target/ts2068/stdio/fputc_cons
target/ts2068/stdio/ansi/f_ansi_attr
target/ts2068/stdio/ansi/f_ansi_char
target/ts2068/stdio/ansi/f_ansi_cls
target/ts2068/stdio/ansi/f_ansi_dline
target/ts2068/stdio/ansi/f_ansi_scrollup
target/ts2068/obj/ts2068/ts_vmod
@target/zx/stdio/stdio.lst
@stdio/ansicore.lst
@stdio/stdio.lst
target/ts2068/graphics_hr/zx_hardcopy
@target/zx-common/timex_zxn_graphics.lst
@gfx/wide/gfx_wide.lst
target/shared/clock
target/zx/games/obj/${TARGET}/joystick
@games/games.lst
@target/zx/spectrum.lst
@font/font_4x8/font_4x8.lst
@font/font_8x8/font_8x8.lst
target/ts2068/psg/set_psg
target/ts2068/psg/set_psg_callee
target/ts2068/psg/get_psg
target/ts2068/psg/psg_init
target/ts2068/psg/asm_wyz_hardware_out
target/ts2068/psg/asm_vt2_hardware_out
@psg/ay/wyz/psg_wyz.lst
@psg/ay/vt2/psg_vt2.lst
@target/ts2068/newlib/newlib.lst
@psg/ay/psg.lst
