target/vector06c/stdio/CRT_FONT
target/vector06c/stdio/bordercolour
target/vector06c/stdio/conio_vars
target/vector06c/stdio/generic_console
target/vector06c/stdio/generic_console_ioctl
target/vector06c/stdio/generic_console_vpeek
target/vector06c/input/vector06c_key_interrupt
target/vector06c/games/joystick
target/vector06c/games/keys_joystick
target/vector06c/load_palette
target/vector06c/asm_load_palette
@stdio/stdio_8080.lst
stdio/inkey/getk
stdio/inkey/fgetc_cons
@input/input_keyboard.lst
@time/time.lst
@font/font_8x8/font_8x8.lst
@games/games.lst
target/vector06c/graphics/clg
target/vector06c/graphics/w_pixladdr
target/vector06c/graphics/w_plotpixl
target/vector06c/graphics/w_respixl
target/vector06c/graphics/w_xorpixl
target/vector06c/graphics/w_pointxy
@gfx/portable/gfx_portable_w.lst
@gfx/wide/gfx_wide.lst
target/vector06c/psg/set_psg
target/vector06c/psg/set_psg_callee
target/vector06c/psg/get_psg
target/vector06c/psg/psg_init
@psg/ay/psg.lst

