@target/zx/input_zx.lst
@target/zx/stdio/stdio.lst
@stdio/ansicore.lst
@stdio/stdio.lst
target/shared/clock
@target/zxn/zxn.lst
@font/fzx/fzx.lst
@font/font_4x8/font_4x8.lst
@font/font_8x8/font_8x8.lst
target/zx/games/obj/${TARGET}/joystick
target/zx/games/obj/${TARGET}/bit_open
target/zx/games/obj/${TARGET}/bit_open_di
target/zx/games/obj/${TARGET}/bit_close
target/zx/games/obj/${TARGET}/bit_close_ei
@target/zx-common/timex_zxn_graphics.lst
@games/games.lst
@target/zx/spectrum.lst
@target/zx/fzx/fzx.lst
target/zx/psg/set_psg
target/zx/psg/set_psg_callee
target/zx/psg/get_psg
target/zx/psg/psg_init
target/zx/psg/asm_wyz_hardware_out
target/zx/psg/asm_vt2_hardware_out
@psg/ay/psg.lst
@psg/ay/wyz/psg_wyz.lst
@psg/ay/vt2/psg_vt2.lst

