target/zx-common/graphics/obj/zx/plotpixl
target/zx-common/graphics/obj/zx/plot_MODE0
target/zx-common/graphics/obj/zx/respixl
target/zx-common/graphics/obj/zx/res_MODE0
target/zx-common/graphics/obj/zx/xorpixl
target/zx-common/graphics/obj/zx/xor_MODE0
target/zx-common/graphics/obj/zx/pointxy
target/zx-common/graphics/obj/zx/pointxy_MODE0
target/zx-common/graphics/obj/zx/__set_zx_pixel_colour
target/zx-common/graphics/obj/zx/pixladdr_MODE0
target/zx/graphics/clg
target/zx/graphics/clrarea2
target/zx/graphics/putsprite
target/zx/graphics/bksave
target/zx/graphics/bkrestore
target/zx/graphics/rowtab
target/zx/graphics/pixladdr
target/zx/graphics/swapgfxbk
target/zx/graphics/zx_hardcopy
gfx/narrow/obj/zx/stencil_render
@gfx/narrow/gfx_narrow.lst
