target/zx/graphics_cpm/clg
target/zx/graphics_cpm/stencil_render
target/zx/graphics_cpm/putsprite
target/zx/graphics_cpm/bksave
target/zx/graphics_cpm/bkrestore
target/zx/graphics/rowtab
target/zx/graphics/pixladdr
target/zx/graphics_cpm/pixel
target/zx/graphics_cpm/pointxy
@gfx/narrow/gfx_narrow.lst
target/zx/games/joystick
target/zx/games/bit_open_cpm
target/zx/games/bit_open_di_cpm
target/zx/games/bit_close
target/zx/games/bit_close_ei
@games/games.lst
target/zx/graphics/rowtab
target/zx/zx_attr
target/zx/cpm/zx_attr_callee
target/zx/cpm/zx_border
target/zx/zx_break
target/zx/cpm/zx_colour
target/zx/diagnostic/zx_floatingbus
target/zx/diagnostic/zx_fullerstick
target/zx/diagnostic/zx_iss_stick
target/zx/diagnostic/zx_kempston
target/zx/diagnostic/zx_kempstonmouse
target/zx/diagnostic/zx_mb02
target/zx/diagnostic/zx_multiface
target/zx/diagnostic/zx_printer
target/zx/diagnostic/zx_soundchip
target/zx/diagnostic/zx_timexsound
target/zx/diagnostic/zx_zxmmc
target/zx/diagnostic/zx_ulaplus
@target/zx/newlib/newlib.lst
target/zx/ulaplus/ula_normal_mode
target/zx/ulaplus/ula_plus_mode
target/zx/ulaplus/ula_sync
target/zx/ulaplus/ulaplus_set
target/zx/ulaplus/ulaplus_get
target/zx/uspeech/currah_direct
target/zx/zxmmc/__mmc_card_select
target/zx/zxmmc/clock32
target/zx/zxmmc/cs_high
target/zx/zxmmc/cs_low
target/zx/zxmmc/mmc_command
target/zx/zxmmc/mmc_fastpage
target/zx/zxmmc/mmc_getpage
target/zx/zxmmc/mmc_get_cid_csd
target/zx/zxmmc/mmc_init
target/zx/zxmmc/mmc_load
target/zx/zxmmc/mmc_read_block
target/zx/zxmmc/mmc_read_multidata
target/zx/zxmmc/mmc_size
target/zx/zxmmc/mmc_send_command
target/zx/zxmmc/mmc_wait_response
target/zx/zxmmc/mmc_waitdata_token
target/zx/zxmmc/mmc_write_block
target/zx/zxmmc/mmc_write_command
target/zx/psg/set_psg
target/zx/psg/set_psg_callee
target/zx/psg/get_psg
target/zx/psg/psg_init
@psg/ay/psg.lst
