math/float/am9511/c/sdcc/cam32_sdcc___fs2sint
math/float/am9511/c/sdcc/cam32_sdcc___fs2sint_callee
math/float/am9511/c/sdcc/cam32_sdcc___fs2slong
math/float/am9511/c/sdcc/cam32_sdcc___fs2slong_callee
math/float/am9511/c/sdcc/cam32_sdcc___fs2uint
math/float/am9511/c/sdcc/cam32_sdcc___fs2uint_callee
math/float/am9511/c/sdcc/cam32_sdcc___fs2ulong
math/float/am9511/c/sdcc/cam32_sdcc___fs2ulong_callee
math/float/am9511/c/sdcc/cam32_sdcc___fseq_callee
math/float/am9511/c/sdcc/cam32_sdcc___fslt_callee
math/float/am9511/c/sdcc/cam32_sdcc___fsneq_callee
math/float/am9511/c/sdcc/cam32_sdcc___schar2fs
math/float/am9511/c/sdcc/cam32_sdcc___schar2fs_callee
math/float/am9511/c/sdcc/cam32_sdcc___sint2fs
math/float/am9511/c/sdcc/cam32_sdcc___sint2fs_callee
math/float/am9511/c/sdcc/cam32_sdcc___slong2fs
math/float/am9511/c/sdcc/cam32_sdcc___slong2fs_callee
math/float/am9511/c/sdcc/cam32_sdcc___uchar2fs
math/float/am9511/c/sdcc/cam32_sdcc___uchar2fs_callee
math/float/am9511/c/sdcc/cam32_sdcc___uint2fs
math/float/am9511/c/sdcc/cam32_sdcc___uint2fs_callee
math/float/am9511/c/sdcc/cam32_sdcc___ulong2fs
math/float/am9511/c/sdcc/cam32_sdcc___ulong2fs_callee
math/float/am9511/c/sdcc/cam32_sdcc_load
math/float/am9511/c/sdcc/cam32_sdcc_read
math/float/am9511/c/sdcc/cam32_sdcc_read_callee
math/float/am9511/c/sdcc/cam32_sdcc_fadd
math/float/am9511/c/sdcc/cam32_sdcc_fadd_callee
math/float/am9511/c/sdcc/cam32_sdcc_fdiv
math/float/am9511/c/sdcc/cam32_sdcc_fdiv_callee
math/float/am9511/c/sdcc/cam32_sdcc_fmul
math/float/am9511/c/sdcc/cam32_sdcc_fmul_callee
math/float/am9511/c/sdcc/cam32_sdcc_fsub
math/float/am9511/c/sdcc/cam32_sdcc_fsub_callee
