
math/float/math16/c/sccz80/cm16_sccz80_add
math/float/math16/c/sccz80/cm16_sccz80_add_callee
math/float/math16/c/sccz80/cm16_sccz80_classify
math/float/math16/c/sccz80/cm16_sccz80_div
math/float/math16/c/sccz80/cm16_sccz80_div_callee
math/float/math16/c/sccz80/cm16_sccz80_fma
math/float/math16/c/sccz80/cm16_sccz80_fma_callee
math/float/math16/c/sccz80/cm16_sccz80_frexp
math/float/math16/c/sccz80/cm16_sccz80_frexp_callee
math/float/math16/c/sccz80/cm16_sccz80_hypot
math/float/math16/c/sccz80/cm16_sccz80_hypot_callee
math/float/math16/c/sccz80/cm16_sccz80_ldexp
math/float/math16/c/sccz80/cm16_sccz80_ldexp_callee
math/float/math16/c/sccz80/cm16_sccz80_mul
math/float/math16/c/sccz80/cm16_sccz80_mul_callee
math/float/math16/c/sccz80/cm16_sccz80_poly
math/float/math16/c/sccz80/cm16_sccz80_poly_callee
math/float/math16/c/sccz80/cm16_sccz80_pow
math/float/math16/c/sccz80/cm16_sccz80_pow_callee
math/float/math16/c/sccz80/cm16_sccz80_read
math/float/math16/c/sccz80/cm16_sccz80_read_callee
math/float/math16/c/sccz80/cm16_sccz80_sub
math/float/math16/c/sccz80/cm16_sccz80_sub_callee

math/float/math16/lm16/c/sccz80/l_f16_add
math/float/math16/lm16/c/sccz80/l_f16_conv_float
math/float/math16/lm16/c/sccz80/l_f16_conv_int
math/float/math16/lm16/c/sccz80/l_f16_conv_long
math/float/math16/lm16/c/sccz80/l_f16_div
math/float/math16/lm16/c/sccz80/l_f16_eq
math/float/math16/lm16/c/sccz80/l_f16_fabs
math/float/math16/lm16/c/sccz80/l_f16_ge
math/float/math16/lm16/c/sccz80/l_f16_gt
math/float/math16/lm16/c/sccz80/l_f16_inv
math/float/math16/lm16/c/sccz80/l_f16_ldexp
math/float/math16/lm16/c/sccz80/l_f16_le
math/float/math16/lm16/c/sccz80/l_f16_lt
math/float/math16/lm16/c/sccz80/l_f16_mul
math/float/math16/lm16/c/sccz80/l_f16_ne
math/float/math16/lm16/c/sccz80/l_f16_neg
math/float/math16/lm16/c/sccz80/l_f16_sub
math/float/math16/lm16/c/sccz80/l_f16_swap
math/float/math16/lm16/c/sccz80/l_f16_zero

math/float/math16/lm16/c/sccz80/div2
math/float/math16/lm16/c/sccz80/floor
math/float/math16/lm16/c/sccz80/frexp
math/float/math16/lm16/c/sccz80/frexp_callee
math/float/math16/lm16/c/sccz80/invsqrt
math/float/math16/lm16/c/sccz80/ldexp
math/float/math16/lm16/c/sccz80/ldexp_callee
math/float/math16/lm16/c/sccz80/mul2
math/float/math16/lm16/c/sccz80/poly_callee
math/float/math16/lm16/c/sccz80/sqrt

